
// File generated by darts version P-2019.09#c440ddafd2#200322, Sun Jun  5 17:07:22 2022
// Copyright 2014-2019 Synopsys, Inc. All rights reserved.
// darts -B -I/proj/xbuilds/SWIP/2020.1_0602_1208/installs/lin64/Vitis/2020.1/cardano/data/cervino/lib +p -d -h -I/proj/xbuilds/SWIP/2020.1_0602_1208/installs/lin64/Vitis/2020.1/cardano/data/cervino/lib/runtime_cxx/libcxx-lite/include -I/proj/xbuilds/SWIP/2020.1_0602_1208/installs/lin64/Vitis/2020.1/cardano/data/cervino/lib/runtime_cxx/libs/libcxx-9.0.0/include-lite -I/proj/xbuilds/SWIP/2020.1_0602_1208/installs/lin64/Vitis/2020.1/cardano/data/cervino/lib/runtime/include -L +Ihex +nanno +u core_7_2.elf me

// Release: ipp P-2019.09-TGT-200322

.text_segment PM      0	   
.entry_point
.label _main_init
.function_start
           0    0x48 0x64 0x00 0x0b                                                              NOP;                                                                                                MOV.u20 sp, #131072
           4    0x80 0x00 0x00 0x7f 0xbb 0xff 0xc7 0xf7                                                                                  NOP;                                                        MOV.u20 p6, #1048572;         NOP
          12    0x80 0x00 0x00 0xa0 0x00 0x06 0x07 0xf7                                                                                  NOP;                                                        J #96;                        NOP
.delay_slot
          20    0x80 0x00 0x00 0x40 0xec 0x00 0x07 0xf7                                                                                  NOP;                                                        MOV.u20 r11, #0;              NOP
.delay_slot
          28    0xa2 0xf5                                                                        MOV p7, p0
.delay_slot
          30    0x00 0x00 0x07 0x6e 0x88 0x00 0x78 0x77                                          NOP;                                                                  MOV.s12 r12, #0;              MOV r10, r6
.delay_slot
          38    0xcb 0x21                                                                        MOV md0, r12
.delay_slot
          40    0x00 0x00 0x02 0xcb 0x40 0x00 0x00 0x77                                          NOP;                                                                  NOP;                          MOV md1, r12
.label TGT_F_main_init_48
.loop_nesting 1
          48    0x40 0xbf 0x80 0x00 0x00 0x00 0x00 0x37                                          LDA cb0, [p6], #-4;                     NOP;                          NOP
.swstall unknown
          56    0x00 0x01                                                                        NOP
.swstall unknown
          58    0x00 0x01                                                                        NOP
.swstall unknown
          60    0x00 0x01                                                                        NOP
.swstall unknown
          62    0x00 0x01                                                                        NOP
.swstall unknown
          64    0x00 0x01                                                                        NOP
.swstall unknown
          66    0x00 0x01                                                                        NOP
.swstall unknown
          68    0x00 0x01                                                                        NOP
.no_stack_arguments
          70    0x00 0x41                                                                        JAL cb0
.delay_slot
.swstall delay_slot
          72    0x00 0x01                                                                        NOP
.delay_slot
.swstall delay_slot
          74    0x00 0x01                                                                        NOP
.delay_slot
.swstall delay_slot
          76    0x00 0x01                                                                        NOP
.delay_slot
.swstall delay_slot
          78    0x00 0x01                                                                        NOP
.delay_slot
.swstall delay_slot
          80    0x00 0x00 0x00 0x00 0x00 0x00 0x00 0x00 0x00 0x00 0x00 0x00 0x00 0x00 0x00 0x02  NOP;                NOP;                NOP;                          NOP;                          NOP;                          NOP;                                    NOP
.label __ll1__main_init
.return_address
          96    0x08 0xa3 0x80 0x00 0x00 0x00 0x00 0x37                                          PADDA [p6], #4;                         NOP;                          NOP
.swstall unknown
         104    0x00 0x01                                                                        NOP
         106    0xbb 0xc5                                                                        MOV r12, p6
         108    0x39 0xbc 0xc0 0x03                                                              NOP;                                                                  NE r12, r12, r11
         112    0x80 0x00 0x00 0x91 0x80 0x03 0x07 0xf7                                                                                  NOP;                                                        BNEZ r12,#48;                 NOP
.delay_slot
         120    0x08 0xbf 0x80 0x00 0x00 0x00 0x00 0x37                                          PADDA [p6], #-4;                        NOP;                          NOP
.delay_slot
.swstall delay_slot
         128    0x00 0x01                                                                        NOP
.delay_slot
.swstall delay_slot
         130    0x00 0x01                                                                        NOP
.delay_slot
.swstall delay_slot
         132    0x00 0x01                                                                        NOP
.delay_slot
.swstall delay_slot
         134    0x00 0x01                                                                        NOP
.loop_nesting 0
.no_stack_arguments
         136    0x80 0x00 0x00 0xa0 0x20 0x10 0x07 0xf7                                                                                  NOP;                                                        JAL #256;                     NOP
.delay_slot
         144    0xeb 0x65                                                                        MOV r6, r10
.delay_slot
         146    0xbe 0x85                                                                        MOV p0, p7
.delay_slot
.swstall delay_slot
         148    0x00 0x01                                                                        NOP
.delay_slot
.swstall delay_slot
         150    0x00 0x01                                                                        NOP
.delay_slot
.swstall delay_slot
         152    0x00 0x00 0x00 0x00 0x00 0x00 0x00 0x37                                          NOP;                                    NOP;                          NOP
.return_address
.no_stack_arguments
         160    0x80 0x00 0x00 0xa0 0x20 0x55 0x07 0xf7                                                                                  NOP;                                                        JAL #1360;                    NOP
.delay_slot
         168    0x80 0x00 0x00 0x40 0xa0 0x00 0x07 0xf7                                                                                  NOP;                                                        MOV.u20 p0, #0;               NOP
.delay_slot
.swstall delay_slot
         176    0x00 0x01                                                                        NOP
.delay_slot
.swstall delay_slot
         178    0x00 0x01                                                                        NOP
.delay_slot
.swstall delay_slot
         180    0x00 0x00 0x00 0x03                                                              NOP;                                                                  NOP
.delay_slot
.swstall delay_slot
         184    0x00 0x00 0x00 0x00 0x00 0x00 0x00 0x37                                          NOP;                                    NOP;                          NOP
.return_address
.swstall chess_separator_scheduler
         192    0x00 0x01                                                                        NOP
.swstall chess_separator_scheduler
         194    0x00 0x01                                                                        NOP
.swstall chess_separator_scheduler
         196    0x00 0x01                                                                        NOP
.swstall chess_separator_scheduler
         198    0x00 0x01                                                                        NOP
.swstall chess_separator_scheduler
         200    0x00 0x01                                                                        NOP
.swstall unknown
         202    0x00 0x01                                                                        NOP
         204    0x10 0x00 0x00 0x03                                                              NOP;                                                                  DONE
.swstall unknown
         208    0x00 0x01                                                                        NOP
.swstall chess_separator_scheduler
         210    0x00 0x01                                                                        NOP
.swstall chess_separator_scheduler
         212    0x00 0x01                                                                        NOP
.swstall chess_separator_scheduler
         214    0x00 0x01                                                                        NOP
.swstall chess_separator_scheduler
         216    0x00 0x01                                                                        NOP
.swstall chess_separator_scheduler
         218    0x00 0x01                                                                        NOP
.swstall for_chess_exit
.exit
         220    0x00 0x00 0x00 0x03                                                              NOP;                                                                  NOP
.label TGT_F_main_init_224
.loop_nesting 1
         224    0x80 0x00 0x00 0xa0 0x00 0x0e 0x07 0xf7                                                                                  NOP;                                                        J #224;                       NOP
.delay_slot
.swstall delay_slot
         232    0x00 0x01                                                                        NOP
.delay_slot
.swstall delay_slot
         234    0x00 0x01                                                                        NOP
.delay_slot
.swstall delay_slot
         236    0x00 0x01                                                                        NOP
.delay_slot
.swstall delay_slot
         238    0x00 0x01                                                                        NOP
.delay_slot
.swstall delay_slot
         240    0x00 0x01                                                                        NOP
.label _main_init__end

.text_segment PM    256	   
.label _main
         256    0x48 0x71                                                                        PADDA [sp], #32
         258    0x4a 0xa1 0x00 0x0b                                                              NOP;                                                                                                MOV.u20 p0, #167936
         262    0xc8 0xff 0xe4 0x4b                                                              NOP;                                                                                                ST.SPIL lr, [sp, #-28]
         266    0xfa 0xff 0xe0 0x4b                                                              NOP;                                                                                                ST.SPIL r10, [sp, #-32]
         270    0x40 0xe8 0x00 0x1b                                                              NOP;                                                                                                MOV.u20 r10, #1
         274    0x4a 0xa5 0x40 0x0b                                                              NOP;                                                                                                MOV.u20 p1, #168960
         278    0x4c 0xa9 0x00 0x0b                                                              NOP;                                                                                                MOV.u20 p2, #200704
         282    0x4c 0xad 0x40 0x0b                                                              NOP;                                                                                                MOV.u20 p3, #201728
         286    0x14 0xa4 0x90 0x03                                                              NOP;                                                                  ACQ #18, #1, r10
         290    0x00 0x01                                                                        NOP
         292    0x00 0x01                                                                        NOP
         294    0x00 0x01                                                                        NOP
         296    0x00 0x01                                                                        NOP
         298    0x14 0xa4 0xd0 0x03                                                              NOP;                                                                  ACQ #19, #1, r10
         302    0x00 0x01                                                                        NOP
         304    0x00 0x01                                                                        NOP
         306    0x00 0x01                                                                        NOP
         308    0x00 0x01                                                                        NOP
         310    0x14 0xa8 0x90 0x03                                                              NOP;                                                                  ACQ #34, #1, r10
         314    0x00 0x01                                                                        NOP
         316    0x00 0x01                                                                        NOP
         318    0x00 0x01                                                                        NOP
         320    0xa0 0x20 0x1b 0x0b                                                              NOP;                                                                                                JAL #432
         324    0x00 0x01                                                                        NOP
         326    0x00 0x01                                                                        NOP
         328    0x00 0x01                                                                        NOP
         330    0x00 0x01                                                                        NOP
         332    0x00 0x00 0x00 0x0b                                                              NOP;                                                                                                NOP
         336    0x40 0xf0 0x00 0x0b                                                              NOP;                                                                                                MOV.u20 r12, #0
         340    0x16 0xc4 0x90 0x03                                                              NOP;                                                                  REL #18, #1, r12
         344    0x00 0x01                                                                        NOP
         346    0x00 0x01                                                                        NOP
         348    0x00 0x01                                                                        NOP
         350    0x00 0x01                                                                        NOP
         352    0x16 0xc4 0xd0 0x03                                                              NOP;                                                                  REL #19, #1, r12
         356    0x00 0x01                                                                        NOP
         358    0x00 0x01                                                                        NOP
         360    0x00 0x01                                                                        NOP
         362    0x00 0x01                                                                        NOP
         364    0x16 0xc8 0x90 0x03                                                              NOP;                                                                  REL #34, #1, r12
         368    0x00 0x01                                                                        NOP
         370    0x00 0x01                                                                        NOP
         372    0x00 0x01                                                                        NOP
         374    0x00 0x01                                                                        NOP
         376    0x16 0xa8 0xd0 0x03                                                              NOP;                                                                  REL #35, #1, r10
         380    0x00 0x01                                                                        NOP
         382    0x00 0x01                                                                        NOP
         384    0x00 0x01                                                                        NOP
         386    0x00 0x01                                                                        NOP
         388    0xc7 0xeb 0xfc 0x6b                                                              NOP;                                                                                                LDA.SPIL r10, [sp, #-32]
         392    0x58 0xfe 0x78 0x03                                                              NOP;                LDB lr, [sp, #-28]
         396    0x4f 0xf1                                                                        PADDA [sp], #-32
         398    0x00 0x01                                                                        NOP
         400    0x00 0x01                                                                        NOP
         402    0x00 0x01                                                                        NOP
         404    0x00 0x01                                                                        NOP
         406    0x00 0x01                                                                        NOP
         408    0x00 0x01                                                                        NOP
         410    0x01 0x01                                                                        RET lr
         412    0x00 0x01                                                                        NOP
         414    0x00 0x01                                                                        NOP
         416    0x00 0x01                                                                        NOP
         418    0x00 0x01                                                                        NOP
         420    0x00 0x01                                                                        NOP

.text_segment PM    432	   
.label extern_kernel
.function_start
         432    0x30 0x10 0x18 0xc0 0x2a 0x00 0x10 0x04 0x00 0x00 0x00 0x3f                      MOV.s10 m0, #64;    MOV.s9 r8, #1;                                    MOV.s12 cs0, #1024;           MOV.u20 ch0, #0;              NOP
         444    0x31 0xf4 0x19 0xc0 0x08 0x04 0x8b 0x40 0x02 0x46 0x94 0x1f                      MOV.s10 m1, #-48;   MOV.s9 r9, #0;      PADDS [sp], #64;              MOV.s12 cs1, #1024;           MOV cb0, p1
         456    0x39 0x00 0x18 0xc0 0x25 0x01 0x00 0x05 0x00 0x72 0x10 0x3f                      MOV.s10 r1, #0;     MOV.s9 r8, #1;                                    ADD.NRM s0, r8, #0;           MOV.u20 ch1, #274960;         NOP
         468    0xb0 0x00 0x5c 0xc1 0x0a 0x00 0x14 0x00 0x10 0x00 0x01 0x3f                      VLDA vcl0, [p1], m0, cyc0;MOV.s9 r12, #8;                             MOV.s12 cs2, #1024;           MOVT.s12 ch0, #1;             NOP
         480    0xb2 0x02 0x5d 0xc0 0xe0 0x00 0x01 0x40 0x02 0xc6 0x84 0x5f                      VLDA vch0, [p1], m1, cyc0;MOV.s9 r13, #7;NOP;                         MOV.s12 cs3, #1024;           MOV cb1, p0
         492    0x32 0x04 0x1e 0xc8 0x00 0x00 0x01 0x06 0x0f 0xc4 0x02 0x1f                      MOV.s10 m2, #16;    MOV.s9 r14, #64;    NOP;                          MOV.s12 r15, #96;             MOV cl0, ch0
         504    0x02 0x10 0x00 0x00 0x10 0x00 0x00 0x00 0x10 0x47 0x65 0x3f                      VLDA wr0, [p0], m0, cyc1;NOP;           NOP;                                                        MOVT.s12 ch1, #1893;          NOP
         516    0x04 0x95                                                                        MOV cl1, ch1
         518    0x80 0x00 0x00 0x40 0x00 0x00 0x07 0xf7                                                                                  NOP;                                                        MOV.u20 ch0, #0;              NOP
         526    0xa9 0x25                                                                        MOV cb2, p2
         528    0x0d 0x69 0x98 0x03                                                              NOP;                                                                                                MOV cb3, p3
         532    0x00 0x00 0x00 0x00 0x10 0x00 0x00 0x04 0x02 0x80 0x00 0x3f                      NOP;                NOP;                NOP;                                                        MOV.u20 cl2, #0;              NOP
         544    0x00 0x00 0x00 0x00 0x10 0x00 0x00 0x04 0x05 0x02 0x30 0x80 0x00 0x00 0x00 0x00  NOP;                NOP;                NOP;                          NOP;                          MOV.u20 cb4, #560;            NOP;                                    NOP
.label TGT_Fextern_kernel_128
.loop_nesting 1
         560    0x24 0x02 0x12 0xc0 0x10 0x00 0x00 0x04 0x06 0x02 0x50 0x80 0x00 0x00 0x00 0x00  MOV.s10 lc, #8;     MOV.s9 r2, #0;      NOP;                          NOP;                          MOV.u20 ls, #592;             NOP;                                    NOP
         576    0x00 0x00 0x00 0x00 0x10 0x00 0x00 0x04 0x06 0xc4 0x70 0x80 0x00 0x00 0x00 0x00  NOP;                NOP;                NOP;                          NOP;                          MOV.u20 le, #1136;            NOP;                                    NOP
.label ZLS_Fextern_kernel_160
.loop_nesting 2
.begin_of_loop
.noswbrkpt
         592    0x06 0x10 0x0d 0x10 0x47 0x1a 0x40 0x17                                          VLDA wr1, [p0], m0, cyc1;VLDB wd0, [p2], m0, cyc2;                    EQ r0, r2, r13
.nohwbrkpt
.noswbrkpt
         600    0xb4 0x00 0x4f 0xf7 0x98 0x00 0x00 0x37                                          VLDA vcl1, [p1], m0, cyc0;              NOP;                          ITE_NEZ r3, r15, r14, r0
.nohwbrkpt
.noswbrkpt
         608    0x00 0x00 0x07 0x38 0xc4 0x02 0x44 0x77                                          NOP;                                                                  ADD r2, r2, #1;               MOV m3, r3
.nohwbrkpt
.noswbrkpt
         616    0xb6 0x02 0x4d 0x13 0x40 0x00 0x00 0x17                                          VLDA vch1, [p1], m1, cyc0;VLDB wd0, [p2], m3, cyc2;                   NOP
.swstall unknown
.nohwbrkpt
.noswbrkpt
         624    0x00 0x01                                                                        NOP
.swstall unknown
.nohwbrkpt
.noswbrkpt
         626    0x00 0x01                                                                        NOP
.nohwbrkpt
.noswbrkpt
         628    0x80 0x00 0x04 0x24 0x26 0x49 0x40 0x47                                          NOP;                                    NOP;                                                                                                                              VMAC.80.UPSS bm1, wd0, s0, ya.s32, r9, c1, r1, wc0.s32, #0, c2, c0
.nohwbrkpt
.noswbrkpt
         636    0x80 0x00 0x00 0xe0 0xff 0xe0 0x07 0xf7                                                                                  NOP;                                                        VST.SPIL wr0, [sp, #-32];     NOP
.nohwbrkpt
.noswbrkpt
         644    0x80 0x00 0x00 0xe2 0xff 0xc0 0x07 0xf7                                                                                  NOP;                                                        VST.SPIL wr1, [sp, #-64];     NOP
.nohwbrkpt
.noswbrkpt
         652    0x00 0x00 0x01 0x08 0x10 0x00 0x00 0x0c 0x7b 0x3f 0xc2 0xc2 0x52 0x44 0x94 0x00  NOP;                VLDB wr0, [p0], m0, cyc1;NOP;                     NOP;                          VLDA.SPIL wd0, [sp, #-32];    NOP;                                    VMAC.80.UPSS bm0, wd0, s0, ya.s32, r1, c1, r1, wc0.s32, #4, c2, c0
         668    0x80 0x00 0x00 0xc7 0xbb 0xf8 0x27 0xf7                                                                                  NOP;                                                        VLDA.SPIL wd1, [sp, #-64];    NOP
         676    0x80 0x00 0x00 0xe8 0xff 0xe0 0x07 0xf7                                                                                  NOP;                                                        VST.SPIL wc0, [sp, #-32];     NOP
.noswbrkpt
         684    0x06 0x10 0x00 0x00 0x10 0x00 0x00 0x0e 0xaf 0xfc 0x00 0x3f                      VLDA wr1, [p0], m0, cyc1;NOP;           NOP;                                                        VST.SPIL wc1, [sp, #-64];     NOP
.swstall unknown
.nohwbrkpt
.noswbrkpt
         696    0x00 0x01                                                                        NOP
.nohwbrkpt
.noswbrkpt
         698    0x02 0x10 0x00 0x00 0x00 0x00 0x00 0x37                                          VLDA wr0, [p0], m0, cyc1;               NOP;                          NOP
.swstall unknown
.nohwbrkpt
.noswbrkpt
         706    0x00 0x01                                                                        NOP
.nohwbrkpt
.noswbrkpt
         708    0x06 0x10 0x20 0x00 0x00 0x00 0x06 0xc2 0xb3 0x84 0xa0 0x0f                      VLDA wr1, [p0], m0, cyc1;               NOP;                          NOP;                                                        NOP;                                    VMAC.80 bm0, ya.s32, r12, c1, r1, wc0.s32, #5, c2, c0
.nohwbrkpt
.noswbrkpt
         720    0x80 0x00 0x05 0x84 0x67 0x09 0x41 0x47                                          NOP;                                    NOP;                                                                                                                              VMAC.80 bm1, yd.s32, r12, c1, r1, wc0.s32, #1, c2, c0
.nohwbrkpt
.noswbrkpt
         728    0x02 0x10 0x20 0x00 0x00 0x00 0x06 0xc2 0x52 0x24 0xa0 0x2f                      VLDA wr0, [p0], m0, cyc1;               NOP;                          NOP;                                                        NOP;                                    VMAC.80 bm1, ya.s32, r1, c1, r1, wc0.s32, #2, c2, c0
.nohwbrkpt
.noswbrkpt
         740    0x80 0x00 0x05 0x84 0xe7 0x09 0x40 0x47                                          NOP;                                    NOP;                                                                                                                              VMAC.80 bm1, ya.s32, r12, c1, r1, wc0.s32, #3, c2, c0
.nohwbrkpt
.noswbrkpt
         748    0x06 0x10 0x20 0x00 0x00 0x00 0x06 0xc2 0xd2 0x24 0xa0 0x0f                      VLDA wr1, [p0], m0, cyc1;               NOP;                          NOP;                                                        NOP;                                    VMAC.80 bm0, ya.s32, r1, c1, r1, wc0.s32, #6, c2, c0
.nohwbrkpt
.noswbrkpt
         760    0x00 0x00 0x09 0x2d 0x91 0x00 0x3e 0xc2 0xf3 0x84 0xa0 0x0f                      NOP;                                    NOP;                                                        VMOV wc0, wc1;                NOP;                                    VMAC.80 bm0, ya.s32, r12, c1, r1, wc0.s32, #7, c2, c0
.nohwbrkpt
.noswbrkpt
         772    0x00 0x00 0x01 0x08 0x10 0x00 0x00 0x0c 0x7a 0x3f 0xc2 0xd8 0x42 0x44 0x94 0x04  NOP;                VLDB wr0, [p0], m0, cyc1;NOP;                     NOP;                          VLDA.SPIL wc0, [sp, #-32];    NOP;                                    VMAC.80 bm1, ya.s32, r1, c1, r1, wc0.s32, #0, c2, c0
.nohwbrkpt
.noswbrkpt
         788    0x00 0x00 0x00 0x00 0x10 0x00 0x00 0x0c 0x7a 0xbf 0x82 0xd8 0x46 0x70 0x94 0x04  NOP;                NOP;                NOP;                          NOP;                          VLDA.SPIL wc1, [sp, #-64];    NOP;                                    VMAC.80 bm1, ya.s32, r12, c1, r1, wc0.s32, #1, c2, c0
.nohwbrkpt
.noswbrkpt
         804    0xb0 0x00 0x60 0x00 0x00 0x00 0x06 0xc2 0x92 0x24 0xa0 0x0f                      VLDA vcl0, [p1], m0, cyc0;              NOP;                          NOP;                                                        NOP;                                    VMAC.80 bm0, ya.s32, r1, c1, r1, wc0.s32, #4, c2, c0
.nohwbrkpt
.noswbrkpt
         816    0x80 0x00 0x05 0x84 0xa4 0x49 0x40 0x47                                          NOP;                                    NOP;                                                                                                                              VMAC.80 bm1, ya.s32, r1, c1, r1, wc0.s32, #2, c2, c0
.nohwbrkpt
.noswbrkpt
         824    0x80 0x00 0x05 0x85 0x67 0x09 0x40 0x07                                          NOP;                                    NOP;                                                                                                                              VMAC.80 bm0, ya.s32, r12, c1, r1, wc0.s32, #5, c2, c0
.nohwbrkpt
.noswbrkpt
         832    0x80 0x00 0x05 0x85 0xa4 0x49 0x40 0x07                                          NOP;                                    NOP;                                                                                                                              VMAC.80 bm0, ya.s32, r1, c1, r1, wc0.s32, #6, c2, c0
.nohwbrkpt
.noswbrkpt
         840    0x80 0x00 0x05 0x84 0xe7 0x09 0x40 0x47                                          NOP;                                    NOP;                                                                                                                              VMAC.80 bm1, ya.s32, r12, c1, r1, wc0.s32, #3, c2, c0
.swstall unknown
         848    0x00 0x01                                                                        NOP
.swstall unknown
         850    0x00 0x01                                                                        NOP
         852    0x80 0x00 0x00 0xe8 0xff 0xe0 0x07 0xf7                                                                                  NOP;                                                        VST.SPIL wc0, [sp, #-32];     NOP
         860    0x80 0x00 0x00 0xea 0xff 0xc0 0x07 0xf7                                                                                  NOP;                                                        VST.SPIL wc1, [sp, #-64];     NOP
         868    0x80 0x00 0x00 0xc7 0xa3 0xfc 0x27 0xf7                                                                                  NOP;                                                        VLDA.SPIL wc0, [sp, #-32];    NOP
         876    0x80 0x00 0x00 0xc7 0xab 0xf8 0x27 0xf7                                                                                  NOP;                                                        VLDA.SPIL wc1, [sp, #-64];    NOP
.noswbrkpt
         884    0xb2 0x02 0x40 0x00 0x00 0x00 0x00 0x37                                          VLDA vch0, [p1], m1, cyc0;              NOP;                          NOP
.nohwbrkpt
.noswbrkpt
         892    0xb4 0x00 0x43 0x08 0x00 0x00 0x00 0x17                                          VLDA vcl1, [p1], m0, cyc0;VLDB wr1, [p0], m0, cyc1;                   NOP
.nohwbrkpt
.noswbrkpt
         900    0xb6 0x04 0x40 0x00 0x00 0x00 0x00 0x37                                          VLDA vch1, [p1], m2, cyc0;              NOP;                          NOP
.nohwbrkpt
.noswbrkpt
         908    0x02 0x10 0x00 0x00 0x00 0x00 0x00 0x37                                          VLDA wr0, [p0], m0, cyc1;               NOP;                          NOP
.swstall unknown
.nohwbrkpt
.noswbrkpt
         916    0x00 0x01                                                                        NOP
.nohwbrkpt
.noswbrkpt
         918    0x06 0x10 0x00 0x00 0x00 0x00 0x00 0x37                                          VLDA wr1, [p0], m0, cyc1;               NOP;                          NOP
.nohwbrkpt
.noswbrkpt
         926    0x80 0x00 0x05 0x85 0xe7 0x09 0x42 0x07                                          NOP;                                    NOP;                                                                                                                              VMAC.80 bm0, ya.s32, r12, c1, r1, wc1.s32, #7, c2, c0
.nohwbrkpt
.noswbrkpt
         934    0x02 0x10 0x20 0x00 0x00 0x00 0x06 0xc2 0x12 0x24 0xa0 0x2f                      VLDA wr0, [p0], m0, cyc1;               NOP;                          NOP;                                                        NOP;                                    VMAC.80 bm1, ya.s32, r1, c1, r1, wc0.s32, #0, c2, c0
.nohwbrkpt
.noswbrkpt
         946    0x80 0x00 0x05 0x85 0x24 0x49 0x40 0x07                                          NOP;                                    NOP;                                                                                                                              VMAC.80 bm0, ya.s32, r1, c1, r1, wc0.s32, #4, c2, c0
.nohwbrkpt
.noswbrkpt
         954    0x06 0x10 0x00 0x00 0x10 0x00 0x00 0x0e 0x8f 0xfe 0x00 0xd8 0x46 0x70 0x94 0x04  VLDA wr1, [p0], m0, cyc1;NOP;           NOP;                          NOP;                          VST.SPIL wc0, [sp, #-32];     NOP;                                    VMAC.80 bm1, ya.s32, r12, c1, r1, wc0.s32, #1, c2, c0
.nohwbrkpt
.noswbrkpt
         970    0x00 0x00 0x00 0x00 0x10 0x00 0x00 0x0e 0xaf 0xfc 0x00 0xd8 0x56 0x70 0x94 0x00  NOP;                NOP;                NOP;                          NOP;                          VST.SPIL wc1, [sp, #-64];     NOP;                                    VMAC.80 bm0, ya.s32, r12, c1, r1, wc0.s32, #5, c2, c0
.nohwbrkpt
.noswbrkpt
         986    0x02 0x10 0x20 0x00 0x00 0x00 0x06 0xc2 0x52 0x24 0xa0 0x2f                      VLDA wr0, [p0], m0, cyc1;               NOP;                          NOP;                                                        NOP;                                    VMAC.80 bm1, ya.s32, r1, c1, r1, wc0.s32, #2, c2, c0
.nohwbrkpt
.noswbrkpt
         998    0x80 0x00 0x05 0x85 0xa4 0x49 0x40 0x07                                          NOP;                                    NOP;                                                                                                                              VMAC.80 bm0, ya.s32, r1, c1, r1, wc0.s32, #6, c2, c0
.nohwbrkpt
.noswbrkpt
        1006    0x06 0x16 0x20 0x00 0x00 0x00 0x06 0xc2 0x73 0x84 0xa0 0x2f                      VLDA wr1, [p0], m3, cyc1;               NOP;                          NOP;                                                        NOP;                                    VMAC.80 bm1, ya.s32, r12, c1, r1, wc0.s32, #3, c2, c0
.nohwbrkpt
.noswbrkpt
        1018    0x00 0x00 0x09 0x2d 0x91 0x00 0x3e 0xc2 0xf3 0x84 0xa0 0x0f                      NOP;                                    NOP;                                                        VMOV wc0, wc1;                NOP;                                    VMAC.80 bm0, ya.s32, r12, c1, r1, wc0.s32, #7, c2, c0
.nohwbrkpt
.noswbrkpt
        1030    0x00 0x00 0x01 0x08 0x10 0x00 0x00 0x0c 0x7a 0x3f 0xc2 0xd8 0x42 0x44 0x94 0x04  NOP;                VLDB wr0, [p0], m0, cyc1;NOP;                     NOP;                          VLDA.SPIL wc0, [sp, #-32];    NOP;                                    VMAC.80 bm1, ya.s32, r1, c1, r1, wc0.s32, #0, c2, c0
.nohwbrkpt
.noswbrkpt
        1046    0x00 0x00 0x00 0x00 0x10 0x00 0x00 0x0c 0x7a 0xbf 0x82 0xd8 0x46 0x70 0x94 0x04  NOP;                NOP;                NOP;                          NOP;                          VLDA.SPIL wc1, [sp, #-64];    NOP;                                    VMAC.80 bm1, ya.s32, r12, c1, r1, wc0.s32, #1, c2, c0
.nohwbrkpt
.noswbrkpt
        1062    0xb0 0x00 0x60 0x00 0x00 0x00 0x06 0xc2 0x92 0x24 0xa0 0x0f                      VLDA vcl0, [p1], m0, cyc0;              NOP;                          NOP;                                                        NOP;                                    VMAC.80 bm0, ya.s32, r1, c1, r1, wc0.s32, #4, c2, c0
.nohwbrkpt
.noswbrkpt
        1074    0xb2 0x02 0x60 0x00 0x00 0x00 0x06 0xc2 0x52 0x24 0xa0 0x2f                      VLDA vch0, [p1], m1, cyc0;              NOP;                          NOP;                                                        NOP;                                    VMAC.80 bm1, ya.s32, r1, c1, r1, wc0.s32, #2, c2, c0
.nohwbrkpt
.noswbrkpt
        1086    0x80 0x00 0x05 0x85 0x67 0x09 0x40 0x07                                          NOP;                                    NOP;                                                                                                                              VMAC.80 bm0, ya.s32, r12, c1, r1, wc0.s32, #5, c2, c0
.nohwbrkpt
.noswbrkpt
        1094    0x80 0x00 0x05 0x84 0xe7 0x09 0x40 0x47                                          NOP;                                    NOP;                                                                                                                              VMAC.80 bm1, ya.s32, r12, c1, r1, wc0.s32, #3, c2, c0
.nohwbrkpt
.noswbrkpt
        1102    0x80 0x00 0x05 0x85 0xa4 0x49 0x40 0x07                                          NOP;                                    NOP;                                                                                                                              VMAC.80 bm0, ya.s32, r1, c1, r1, wc0.s32, #6, c2, c0
.swstall unknown
.nohwbrkpt
.noswbrkpt
        1110    0x00 0x01                                                                        NOP
.swstall unknown
.nohwbrkpt
.noswbrkpt
        1112    0x00 0x01                                                                        NOP
.nohwbrkpt
.noswbrkpt
        1114    0x80 0x00 0x05 0x85 0xe7 0x09 0x42 0x07                                          NOP;                                    NOP;                                                                                                                              VMAC.80 bm0, ya.s32, r12, c1, r1, wc1.s32, #7, c2, c0
.swstall unknown
        1122    0x00 0x01                                                                        NOP
        1124    0xd1 0xa6 0x18 0x03                                                              NOP;                                    VST.80.SRSS bm1, s0, [p3], m0, cyc3
.swstall unknown
        1128    0x00 0x01                                                                        NOP
.swstall unknown
        1130    0x00 0x01                                                                        NOP
.swstall unknown
        1132    0x00 0x00 0x00 0x03                                                              NOP;                                                                  NOP
.label ZLE_Fextern_kernel_704
.end_of_loop
        1136    0x00 0x00 0x00 0x00 0x0a 0x30 0xdb 0x00 0x00 0x00 0x00 0x00 0x00 0x00 0x00 0x02  NOP;                NOP;                VST.80.SRSS bm0, s0, [p3], m3, cyc3;NOP;                    NOP;                          NOP;                                    NOP
.loop_nesting 1
        1152    0x03 0xc8 0x80 0x03                                                              NOP;                                                                  BDEC r8, r8, cb4
.delay_slot
.swstall delay_slot
        1156    0x00 0x01                                                                        NOP
.delay_slot
.swstall delay_slot
        1158    0x00 0x01                                                                        NOP
.delay_slot
.swstall delay_slot
        1160    0x00 0x01                                                                        NOP
.delay_slot
.swstall delay_slot
        1162    0x00 0x01                                                                        NOP
.delay_slot
.swstall delay_slot
        1164    0x00 0x01                                                                        NOP
.loop_nesting 0
        1166    0x01 0x01                                                                        RET lr
.delay_slot
        1168    0x08 0x9f 0x40 0x00 0x00 0x00 0x00 0x37                                          PADDA [sp], #-64;                       NOP;                          NOP
.delay_slot
.swstall delay_slot
        1176    0x00 0x01                                                                        NOP
.delay_slot
.swstall delay_slot
        1178    0x00 0x01                                                                        NOP
.delay_slot
.swstall delay_slot
        1180    0x00 0x01                                                                        NOP
.delay_slot
.swstall delay_slot
        1182    0x00 0x01                                                                        NOP
.label extern_kernel__end
.label _fini
.function_start
        1184    0x08 0x90 0xc0 0x00 0x10 0x00 0x00 0x0a 0x00 0x05 0x00 0x3f                      PADDA [sp], #32;    NOP;                NOP;                                                        J #1280;                      NOP
.delay_slot
        1196    0x0e 0x98 0x18 0x03                                                              NOP;                                                                                                MOV r0, r4
.delay_slot
        1200    0x52 0x3f 0xc0 0x00 0x00 0x37 0xd0 0xf7                                                                                  ST lr, [sp, #-16];            NOP;                          MOV p0, p7
.delay_slot
        1208    0xaf 0x7f 0xf8 0x40 0xbc 0x00 0x07 0xf7                                                                                  ST r11, [sp, #-4];                                          MOV.u20 p7, #0;               NOP
.delay_slot
        1216    0xad 0x1f 0xe8 0x40 0xd0 0x00 0x07 0xf7                                                                                  ST p0, [sp, #-12];                                          MOV.u20 r4, #0;               NOP
.delay_slot
        1224    0xae 0x1f 0xf0 0x40 0xec 0x00 0x07 0xf7                                                                                  ST r0, [sp, #-8];                                           MOV.u20 r11, #0;              NOP
.label TGT_F_fini_48
.loop_nesting 1
        1232    0x40 0xa3 0xc0 0x00 0x00 0x00 0x00 0x37                                          LDA cb0, [p7], #4;                      NOP;                          NOP
.swstall unknown
        1240    0x00 0x01                                                                        NOP
.swstall unknown
        1242    0x00 0x01                                                                        NOP
.swstall unknown
        1244    0x00 0x01                                                                        NOP
.swstall unknown
        1246    0x00 0x01                                                                        NOP
.swstall unknown
        1248    0x00 0x01                                                                        NOP
.swstall unknown
        1250    0x00 0x01                                                                        NOP
.swstall unknown
        1252    0x00 0x01                                                                        NOP
.no_stack_arguments
        1254    0x00 0x41                                                                        JAL cb0
.delay_slot
        1256    0xbf 0x45                                                                        MOV r4, p7
.delay_slot
.swstall delay_slot
        1258    0x00 0x01                                                                        NOP
.delay_slot
.swstall delay_slot
        1260    0x00 0x01                                                                        NOP
.delay_slot
.swstall delay_slot
        1262    0x00 0x01                                                                        NOP
.delay_slot
.swstall delay_slot
        1264    0x00 0x00 0x00 0x00 0x00 0x00 0x00 0x00 0x00 0x00 0x00 0x00 0x00 0x00 0x00 0x02  NOP;                NOP;                NOP;                          NOP;                          NOP;                          NOP;                                    NOP
.label __ll1__fini
.return_address
        1280    0x39 0xb4 0xc0 0x03                                                              NOP;                                                                  NE r12, r4, r11
        1284    0x80 0x00 0x00 0x91 0x80 0x4d 0x07 0xf7                                                                                  NOP;                                                        BNEZ r12,#1232;               NOP
.delay_slot
.swstall delay_slot
        1292    0x00 0x01                                                                        NOP
.delay_slot
.swstall delay_slot
        1294    0x00 0x01                                                                        NOP
.delay_slot
.swstall delay_slot
        1296    0x00 0x01                                                                        NOP
.delay_slot
.swstall delay_slot
        1298    0x00 0x01                                                                        NOP
.delay_slot
.swstall delay_slot
        1300    0x00 0x01                                                                        NOP
.loop_nesting 0
        1302    0x58 0xff 0x38 0x03                                                              NOP;                LDB lr, [sp, #-16]
        1306    0x80 0x00 0x00 0xc7 0xef 0xff 0xe7 0xf7                                                                                  NOP;                                                        LDA.SPIL r11, [sp, #-4];      NOP
        1314    0x80 0x00 0x00 0xc7 0xd3 0xff 0x67 0xf7                                                                                  NOP;                                                        LDA.SPIL r4, [sp, #-8];       NOP
        1322    0x80 0x00 0x00 0xc7 0xbf 0xfe 0xe7 0xf7                                                                                  NOP;                                                        LDA.SPIL p7, [sp, #-12];      NOP
.swstall unknown
        1330    0x00 0x01                                                                        NOP
.swstall unknown
        1332    0x00 0x01                                                                        NOP
.swstall unknown
        1334    0x00 0x01                                                                        NOP
.swstall unknown
        1336    0x00 0x01                                                                        NOP
        1338    0x01 0x01                                                                        RET lr
.delay_slot
.swstall delay_slot
        1340    0x00 0x01                                                                        NOP
.delay_slot
.swstall delay_slot
        1342    0x00 0x01                                                                        NOP
.delay_slot
.swstall delay_slot
        1344    0x00 0x01                                                                        NOP
.delay_slot
        1346    0x08 0x9f 0xc0 0x00 0x00 0x00 0x00 0x37                                          PADDA [sp], #-32;                       NOP;                          NOP
.delay_slot
.swstall delay_slot
        1354    0x00 0x01                                                                        NOP
.label _fini__end

.text_segment PM   1360	   
.label __cxa_finalize
.function_start
        1360    0x00 0x00 0x18 0xff 0xa8 0x04 0x78 0x04 0x8a 0x04 0x20 0x3f                      NOP;                MOV.s9 r8, #-3;                                   MOV.s12 r12, #8;              MOV.u20 p0, #132128;          NOP
        1372    0x79 0xd0 0x00 0x00 0x10 0x00 0x00 0x04 0x8b 0x84 0x00 0x3f                      LDA r9, [p0];       NOP;                NOP;                                                        MOV.u20 p6, #132096;          NOP
        1384    0x5f 0x34 0x00 0x00 0x01 0x02 0xb4 0xf7                                                                                  ST r12, [p0];                 NOP;                          MOV r10, lr
        1392    0xc3 0x45                                                                        MOV r4, r0
.swstall unknown
        1394    0x00 0x01                                                                        NOP
.swstall unknown
        1396    0x00 0x01                                                                        NOP
.swstall unknown
        1398    0x00 0x01                                                                        NOP
.swstall unknown
        1400    0x00 0x01                                                                        NOP
.swstall unknown
        1402    0x00 0x01                                                                        NOP
        1404    0x27 0x89 0x90 0x03                                                              NOP;                                                                  ADD r9, r9, #-8
        1408    0x00 0x00 0x07 0x98 0x07 0xf1 0x36 0x77                                          NOP;                                                                  ASHL r11, r9, r8;             MOV m0, r9
        1416    0x08 0x81 0x80 0x00 0x00 0x00 0x00 0x37                                          PADDA [p6], m0;                         NOP;                          NOP
.swstall unknown
        1424    0x00 0x00 0x00 0x00 0x00 0x00 0x00 0x00 0x00 0x00 0x00 0x00 0x00 0x00 0x00 0x02  NOP;                NOP;                NOP;                          NOP;                          NOP;                          NOP;                                    NOP
.label TGT_F__cxa_finalize_80
.loop_nesting 1
        1440    0x40 0xa3 0x80 0x00 0x00 0x00 0x00 0x37                                          LDA cb0, [p6], #4;                      NOP;                          NOP
        1448    0x68 0xbb 0x80 0x00 0x00 0x00 0x00 0x37                                          LDA p0, [p6], #-12;                     NOP;                          NOP
.swstall unknown
        1456    0x00 0x01                                                                        NOP
.swstall unknown
        1458    0x00 0x01                                                                        NOP
.swstall unknown
        1460    0x00 0x01                                                                        NOP
.swstall unknown
        1462    0x00 0x01                                                                        NOP
.swstall unknown
        1464    0x00 0x01                                                                        NOP
.swstall unknown
        1466    0x00 0x01                                                                        NOP
.no_stack_arguments
        1468    0x00 0x41                                                                        JAL cb0
.delay_slot
.swstall delay_slot
        1470    0x00 0x01                                                                        NOP
.delay_slot
.swstall delay_slot
        1472    0x00 0x01                                                                        NOP
.delay_slot
.swstall delay_slot
        1474    0x00 0x01                                                                        NOP
.delay_slot
.swstall delay_slot
        1476    0x00 0x00 0x00 0x03                                                              NOP;                                                                  NOP
.delay_slot
.swstall delay_slot
        1480    0x00 0x00 0x00 0x00 0x00 0x00 0x00 0x37                                          NOP;                                    NOP;                          NOP
.return_address
        1488    0x80 0x00 0x00 0x40 0x40 0x5a 0x07 0xf7                                                                                  NOP;                                                        MOV.u20 cb0, #1440;           NOP
        1496    0x03 0x8b 0xb0 0x03                                                              NOP;                                                                  BDEC r11, r11, cb0
.delay_slot
.swstall delay_slot
        1500    0x00 0x01                                                                        NOP
.delay_slot
.swstall delay_slot
        1502    0x00 0x01                                                                        NOP
.delay_slot
.swstall delay_slot
        1504    0x00 0x01                                                                        NOP
.delay_slot
.swstall delay_slot
        1506    0x00 0x01                                                                        NOP
.delay_slot
.swstall delay_slot
        1508    0x00 0x01                                                                        NOP
.loop_nesting 0
        1510    0xa1 0x61                                                                        MOV lr, r10
        1512    0x01 0x01                                                                        RET lr
.delay_slot
        1514    0xd3 0x05                                                                        MOV r0, r4
.delay_slot
.swstall delay_slot
        1516    0x00 0x01                                                                        NOP
.delay_slot
.swstall delay_slot
        1518    0x00 0x01                                                                        NOP
.delay_slot
.swstall delay_slot
        1520    0x00 0x01                                                                        NOP
.delay_slot
.swstall delay_slot
        1522    0x00 0x01                                                                        NOP
.label __cxa_finalize__end

.data_segment DMb 132096	   
.label _ZL7atexits
	0xa0
	0x4
	0x0
	0x0
	0x0
	0x0
	0x0
	0x0
	0x0
	0x0
	0x0
	0x0
	0x0
	0x0
	0x0
	0x0
	0x0
	0x0
	0x0
	0x0
	0x0
	0x0
	0x0
	0x0
	0x0
	0x0
	0x0
	0x0
	0x0
	0x0
	0x0
	0x0
.label _ZL10atexit_cnt
	0x8
	0x0
	0x0
	0x0

.stack DM_stack 131072 132096
