
// File generated by darts version P-2019.09#c440ddafd2#200322, Tue May 24 12:06:32 2022
// Copyright 2014-2019 Synopsys, Inc. All rights reserved.
// darts -B -I/proj/xbuilds/SWIP/2020.1_0602_1208/installs/lin64/Vitis/2020.1/cardano/data/cervino/lib +p -d -h -I/proj/xbuilds/SWIP/2020.1_0602_1208/installs/lin64/Vitis/2020.1/cardano/data/cervino/lib/runtime_cxx/libcxx-lite/include -I/proj/xbuilds/SWIP/2020.1_0602_1208/installs/lin64/Vitis/2020.1/cardano/data/cervino/lib/runtime_cxx/libs/libcxx-9.0.0/include-lite -I/proj/xbuilds/SWIP/2020.1_0602_1208/installs/lin64/Vitis/2020.1/cardano/data/cervino/lib/runtime/include -L +Ihex +nanno +u core_1_3.elf me

// Release: ipp P-2019.09-TGT-200322

.text_segment PM      0	   
.entry_point
.label _main_init
.function_start
           0    0x48 0x64 0x00 0x0b                                                              NOP;                                                                                                MOV.u20 sp, #131072
           4    0x80 0x00 0x00 0x7f 0xbb 0xff 0xc7 0xf7                                                                                  NOP;                                                        MOV.u20 p6, #1048572;         NOP
          12    0x80 0x00 0x00 0xa0 0x00 0x06 0x07 0xf7                                                                                  NOP;                                                        J #96;                        NOP
.delay_slot
          20    0x80 0x00 0x00 0x40 0xec 0x00 0x07 0xf7                                                                                  NOP;                                                        MOV.u20 r11, #0;              NOP
.delay_slot
          28    0xa2 0xf5                                                                        MOV p7, p0
.delay_slot
          30    0x00 0x00 0x07 0x6e 0x88 0x00 0x78 0x77                                          NOP;                                                                  MOV.s12 r12, #0;              MOV r10, r6
.delay_slot
          38    0xcb 0x21                                                                        MOV md0, r12
.delay_slot
          40    0x00 0x00 0x02 0xcb 0x40 0x00 0x00 0x77                                          NOP;                                                                  NOP;                          MOV md1, r12
.label TGT_F_main_init_48
.loop_nesting 1
          48    0x40 0xbf 0x80 0x00 0x00 0x00 0x00 0x37                                          LDA cb0, [p6], #-4;                     NOP;                          NOP
.swstall unknown
          56    0x00 0x01                                                                        NOP
.swstall unknown
          58    0x00 0x01                                                                        NOP
.swstall unknown
          60    0x00 0x01                                                                        NOP
.swstall unknown
          62    0x00 0x01                                                                        NOP
.swstall unknown
          64    0x00 0x01                                                                        NOP
.swstall unknown
          66    0x00 0x01                                                                        NOP
.swstall unknown
          68    0x00 0x01                                                                        NOP
.no_stack_arguments
          70    0x00 0x41                                                                        JAL cb0
.delay_slot
.swstall delay_slot
          72    0x00 0x01                                                                        NOP
.delay_slot
.swstall delay_slot
          74    0x00 0x01                                                                        NOP
.delay_slot
.swstall delay_slot
          76    0x00 0x01                                                                        NOP
.delay_slot
.swstall delay_slot
          78    0x00 0x01                                                                        NOP
.delay_slot
.swstall delay_slot
          80    0x00 0x00 0x00 0x00 0x00 0x00 0x00 0x00 0x00 0x00 0x00 0x00 0x00 0x00 0x00 0x02  NOP;                NOP;                NOP;                          NOP;                          NOP;                          NOP;                                    NOP
.label __ll1__main_init
.return_address
          96    0x08 0xa3 0x80 0x00 0x00 0x00 0x00 0x37                                          PADDA [p6], #4;                         NOP;                          NOP
.swstall unknown
         104    0x00 0x01                                                                        NOP
         106    0xbb 0xc5                                                                        MOV r12, p6
         108    0x39 0xbc 0xc0 0x03                                                              NOP;                                                                  NE r12, r12, r11
         112    0x80 0x00 0x00 0x91 0x80 0x03 0x07 0xf7                                                                                  NOP;                                                        BNEZ r12,#48;                 NOP
.delay_slot
         120    0x08 0xbf 0x80 0x00 0x00 0x00 0x00 0x37                                          PADDA [p6], #-4;                        NOP;                          NOP
.delay_slot
.swstall delay_slot
         128    0x00 0x01                                                                        NOP
.delay_slot
.swstall delay_slot
         130    0x00 0x01                                                                        NOP
.delay_slot
.swstall delay_slot
         132    0x00 0x01                                                                        NOP
.delay_slot
.swstall delay_slot
         134    0x00 0x01                                                                        NOP
.loop_nesting 0
.no_stack_arguments
         136    0x80 0x00 0x00 0xa0 0x20 0x10 0x07 0xf7                                                                                  NOP;                                                        JAL #256;                     NOP
.delay_slot
         144    0xeb 0x65                                                                        MOV r6, r10
.delay_slot
         146    0xbe 0x85                                                                        MOV p0, p7
.delay_slot
.swstall delay_slot
         148    0x00 0x01                                                                        NOP
.delay_slot
.swstall delay_slot
         150    0x00 0x01                                                                        NOP
.delay_slot
.swstall delay_slot
         152    0x00 0x00 0x00 0x00 0x00 0x00 0x00 0x37                                          NOP;                                    NOP;                          NOP
.return_address
.no_stack_arguments
         160    0x80 0x00 0x00 0xa0 0x20 0x28 0x07 0xf7                                                                                  NOP;                                                        JAL #640;                     NOP
.delay_slot
         168    0x80 0x00 0x00 0x40 0xa0 0x00 0x07 0xf7                                                                                  NOP;                                                        MOV.u20 p0, #0;               NOP
.delay_slot
.swstall delay_slot
         176    0x00 0x01                                                                        NOP
.delay_slot
.swstall delay_slot
         178    0x00 0x01                                                                        NOP
.delay_slot
.swstall delay_slot
         180    0x00 0x00 0x00 0x03                                                              NOP;                                                                  NOP
.delay_slot
.swstall delay_slot
         184    0x00 0x00 0x00 0x00 0x00 0x00 0x00 0x37                                          NOP;                                    NOP;                          NOP
.return_address
.swstall chess_separator_scheduler
         192    0x00 0x01                                                                        NOP
.swstall chess_separator_scheduler
         194    0x00 0x01                                                                        NOP
.swstall chess_separator_scheduler
         196    0x00 0x01                                                                        NOP
.swstall chess_separator_scheduler
         198    0x00 0x01                                                                        NOP
.swstall chess_separator_scheduler
         200    0x00 0x01                                                                        NOP
.swstall unknown
         202    0x00 0x01                                                                        NOP
         204    0x10 0x00 0x00 0x03                                                              NOP;                                                                  DONE
.swstall unknown
         208    0x00 0x01                                                                        NOP
.swstall chess_separator_scheduler
         210    0x00 0x01                                                                        NOP
.swstall chess_separator_scheduler
         212    0x00 0x01                                                                        NOP
.swstall chess_separator_scheduler
         214    0x00 0x01                                                                        NOP
.swstall chess_separator_scheduler
         216    0x00 0x01                                                                        NOP
.swstall chess_separator_scheduler
         218    0x00 0x01                                                                        NOP
.swstall for_chess_exit
.exit
         220    0x00 0x00 0x00 0x03                                                              NOP;                                                                  NOP
.label TGT_F_main_init_224
.loop_nesting 1
         224    0x80 0x00 0x00 0xa0 0x00 0x0e 0x07 0xf7                                                                                  NOP;                                                        J #224;                       NOP
.delay_slot
.swstall delay_slot
         232    0x00 0x01                                                                        NOP
.delay_slot
.swstall delay_slot
         234    0x00 0x01                                                                        NOP
.delay_slot
.swstall delay_slot
         236    0x00 0x01                                                                        NOP
.delay_slot
.swstall delay_slot
         238    0x00 0x01                                                                        NOP
.delay_slot
.swstall delay_slot
         240    0x00 0x01                                                                        NOP
.label _main_init__end

.text_segment PM    256	   
.label _main
         256    0x48 0x71                                                                        PADDA [sp], #32
         258    0x4e 0xa1 0x00 0x0b                                                              NOP;                                                                                                MOV.u20 p0, #233472
         262    0xc8 0xff 0xe8 0x4b                                                              NOP;                                                                                                ST.SPIL lr, [sp, #-24]
         266    0xfa 0xff 0xe4 0x4b                                                              NOP;                                                                                                ST.SPIL r10, [sp, #-28]
         270    0xfb 0xff 0xe0 0x4b                                                              NOP;                                                                                                ST.SPIL r11, [sp, #-32]
         274    0x40 0xe8 0x00 0x1b                                                              NOP;                                                                                                MOV.u20 r10, #1
         278    0x40 0xec 0x00 0x0b                                                              NOP;                                                                                                MOV.u20 r11, #0
         282    0x4e 0xa5 0x40 0x0b                                                              NOP;                                                                                                MOV.u20 p1, #234496
         286    0x00 0x01                                                                        NOP
         288    0x14 0xac 0xd0 0x03                                                              NOP;                                                                  ACQ #51, #1, r10
         292    0x00 0x01                                                                        NOP
         294    0x00 0x01                                                                        NOP
         296    0x00 0x01                                                                        NOP
         298    0x00 0x01                                                                        NOP
         300    0x14 0xbd 0x50 0x03                                                              NOP;                                                                  ACQ #53, #1, r11
         304    0x00 0x01                                                                        NOP
         306    0x00 0x01                                                                        NOP
         308    0x00 0x01                                                                        NOP
         310    0xa0 0x20 0x19 0x0b                                                              NOP;                                                                                                JAL #400
         314    0x00 0x01                                                                        NOP
         316    0x00 0x01                                                                        NOP
         318    0x00 0x01                                                                        NOP
         320    0x00 0x00 0x00 0x00 0x00 0x00 0x00 0x17                                          NOP;                NOP;                                              NOP
         328    0x00 0x00 0x00 0x00 0x00 0x00 0x00 0x17                                          NOP;                NOP;                                              NOP
         336    0x16 0xbc 0xd0 0x03                                                              NOP;                                                                  REL #51, #1, r11
         340    0x00 0x01                                                                        NOP
         342    0x00 0x01                                                                        NOP
         344    0x00 0x01                                                                        NOP
         346    0x00 0x01                                                                        NOP
         348    0x16 0xad 0x50 0x03                                                              NOP;                                                                  REL #53, #1, r10
         352    0x00 0x01                                                                        NOP
         354    0x00 0x01                                                                        NOP
         356    0x00 0x01                                                                        NOP
         358    0x00 0x01                                                                        NOP
         360    0xc7 0xef 0xfc 0x6b                                                              NOP;                                                                                                LDA.SPIL r11, [sp, #-32]
         364    0xc7 0xeb 0xfc 0xeb                                                              NOP;                                                                                                LDA.SPIL r10, [sp, #-28]
         368    0x58 0xfe 0xb8 0x03                                                              NOP;                LDB lr, [sp, #-24]
         372    0x4f 0xf1                                                                        PADDA [sp], #-32
         374    0x00 0x01                                                                        NOP
         376    0x00 0x01                                                                        NOP
         378    0x00 0x01                                                                        NOP
         380    0x00 0x01                                                                        NOP
         382    0x00 0x01                                                                        NOP
         384    0x00 0x01                                                                        NOP
         386    0x01 0x01                                                                        RET lr
         388    0x00 0x01                                                                        NOP
         390    0x00 0x01                                                                        NOP
         392    0x00 0x01                                                                        NOP
         394    0x00 0x01                                                                        NOP
         396    0x00 0x01                                                                        NOP

.text_segment PM    400	   
.label func
.function_start
         400    0x00 0x00 0x30 0xc6 0x48 0x02 0xf0 0x77                                          NOP;                                                                  MOV.s12 r8, #5;               MOV.s8 cs1, #12
         408    0x40 0x50 0x80 0x03                                                              NOP;                                                                  MOV.s12 cs0, #20
         412    0x79 0xc2 0x00 0x00 0x00 0x00 0x00 0x37                                          LDA r9, [p0, cs1];                      NOP;                          NOP
.swstall unknown
         420    0x00 0x01                                                                        NOP
.swstall unknown
         422    0x00 0x01                                                                        NOP
.swstall unknown
         424    0x00 0x01                                                                        NOP
.swstall unknown
         426    0x00 0x01                                                                        NOP
.swstall unknown
         428    0x00 0x01                                                                        NOP
.swstall unknown
         430    0x00 0x01                                                                        NOP
.swstall unknown
         432    0x00 0x01                                                                        NOP
         434    0x37 0x98 0x80 0x03                                                              NOP;                                                                  MUL r8, r8, r9
         438    0x01 0x01                                                                        RET lr
.delay_slot
.swstall delay_slot
         440    0x00 0x01                                                                        NOP
.delay_slot
         442    0xaf 0x18 0x08 0x03                                                              NOP;                                    ST r8, [p1, cs0]
.delay_slot
.swstall delay_slot
         446    0x00 0x01                                                                        NOP
.delay_slot
.swstall delay_slot
         448    0x00 0x01                                                                        NOP
.delay_slot
.swstall delay_slot
         450    0x00 0x01                                                                        NOP
.label func__end

.text_segment PM    464	   
.label _fini
.function_start
         464    0x08 0x90 0xc0 0x00 0x10 0x00 0x00 0x0a 0x00 0x02 0x30 0x3f                      PADDA [sp], #32;    NOP;                NOP;                                                        J #560;                       NOP
.delay_slot
         476    0x0e 0x98 0x18 0x03                                                              NOP;                                                                                                MOV r0, r4
.delay_slot
         480    0x52 0x3f 0xc0 0x00 0x00 0x37 0xd0 0xf7                                                                                  ST lr, [sp, #-16];            NOP;                          MOV p0, p7
.delay_slot
         488    0xaf 0x7f 0xf8 0x40 0xbc 0x00 0x07 0xf7                                                                                  ST r11, [sp, #-4];                                          MOV.u20 p7, #0;               NOP
.delay_slot
         496    0xad 0x1f 0xe8 0x40 0xd0 0x00 0x07 0xf7                                                                                  ST p0, [sp, #-12];                                          MOV.u20 r4, #0;               NOP
.delay_slot
         504    0xae 0x1f 0xf0 0x40 0xec 0x00 0x07 0xf7                                                                                  ST r0, [sp, #-8];                                           MOV.u20 r11, #0;              NOP
.label TGT_F_fini_48
.loop_nesting 1
         512    0x40 0xa3 0xc0 0x00 0x00 0x00 0x00 0x37                                          LDA cb0, [p7], #4;                      NOP;                          NOP
.swstall unknown
         520    0x00 0x01                                                                        NOP
.swstall unknown
         522    0x00 0x01                                                                        NOP
.swstall unknown
         524    0x00 0x01                                                                        NOP
.swstall unknown
         526    0x00 0x01                                                                        NOP
.swstall unknown
         528    0x00 0x01                                                                        NOP
.swstall unknown
         530    0x00 0x01                                                                        NOP
.swstall unknown
         532    0x00 0x01                                                                        NOP
.no_stack_arguments
         534    0x00 0x41                                                                        JAL cb0
.delay_slot
         536    0xbf 0x45                                                                        MOV r4, p7
.delay_slot
.swstall delay_slot
         538    0x00 0x01                                                                        NOP
.delay_slot
.swstall delay_slot
         540    0x00 0x01                                                                        NOP
.delay_slot
.swstall delay_slot
         542    0x00 0x01                                                                        NOP
.delay_slot
.swstall delay_slot
         544    0x00 0x00 0x00 0x00 0x00 0x00 0x00 0x00 0x00 0x00 0x00 0x00 0x00 0x00 0x00 0x02  NOP;                NOP;                NOP;                          NOP;                          NOP;                          NOP;                                    NOP
.label __ll1__fini
.return_address
         560    0x39 0xb4 0xc0 0x03                                                              NOP;                                                                  NE r12, r4, r11
         564    0x80 0x00 0x00 0x91 0x80 0x20 0x07 0xf7                                                                                  NOP;                                                        BNEZ r12,#512;                NOP
.delay_slot
.swstall delay_slot
         572    0x00 0x01                                                                        NOP
.delay_slot
.swstall delay_slot
         574    0x00 0x01                                                                        NOP
.delay_slot
.swstall delay_slot
         576    0x00 0x01                                                                        NOP
.delay_slot
.swstall delay_slot
         578    0x00 0x01                                                                        NOP
.delay_slot
.swstall delay_slot
         580    0x00 0x01                                                                        NOP
.loop_nesting 0
         582    0x58 0xff 0x38 0x03                                                              NOP;                LDB lr, [sp, #-16]
         586    0x80 0x00 0x00 0xc7 0xef 0xff 0xe7 0xf7                                                                                  NOP;                                                        LDA.SPIL r11, [sp, #-4];      NOP
         594    0x80 0x00 0x00 0xc7 0xd3 0xff 0x67 0xf7                                                                                  NOP;                                                        LDA.SPIL r4, [sp, #-8];       NOP
         602    0x80 0x00 0x00 0xc7 0xbf 0xfe 0xe7 0xf7                                                                                  NOP;                                                        LDA.SPIL p7, [sp, #-12];      NOP
.swstall unknown
         610    0x00 0x01                                                                        NOP
.swstall unknown
         612    0x00 0x01                                                                        NOP
.swstall unknown
         614    0x00 0x01                                                                        NOP
.swstall unknown
         616    0x00 0x01                                                                        NOP
         618    0x01 0x01                                                                        RET lr
.delay_slot
.swstall delay_slot
         620    0x00 0x01                                                                        NOP
.delay_slot
.swstall delay_slot
         622    0x00 0x01                                                                        NOP
.delay_slot
.swstall delay_slot
         624    0x00 0x01                                                                        NOP
.delay_slot
         626    0x08 0x9f 0xc0 0x00 0x00 0x00 0x00 0x37                                          PADDA [sp], #-32;                       NOP;                          NOP
.delay_slot
.swstall delay_slot
         634    0x00 0x01                                                                        NOP
.label _fini__end

.text_segment PM    640	   
.label __cxa_finalize
.function_start
         640    0x00 0x00 0x18 0xff 0xa8 0x04 0x78 0x04 0x8a 0x04 0x20 0x3f                      NOP;                MOV.s9 r8, #-3;                                   MOV.s12 r12, #8;              MOV.u20 p0, #132128;          NOP
         652    0x79 0xd0 0x00 0x00 0x10 0x00 0x00 0x04 0x8b 0x84 0x00 0x3f                      LDA r9, [p0];       NOP;                NOP;                                                        MOV.u20 p6, #132096;          NOP
         664    0x5f 0x34 0x00 0x00 0x01 0x02 0xb4 0xf7                                                                                  ST r12, [p0];                 NOP;                          MOV r10, lr
         672    0xc3 0x45                                                                        MOV r4, r0
.swstall unknown
         674    0x00 0x01                                                                        NOP
.swstall unknown
         676    0x00 0x01                                                                        NOP
.swstall unknown
         678    0x00 0x01                                                                        NOP
.swstall unknown
         680    0x00 0x01                                                                        NOP
.swstall unknown
         682    0x00 0x01                                                                        NOP
         684    0x27 0x89 0x90 0x03                                                              NOP;                                                                  ADD r9, r9, #-8
         688    0x00 0x00 0x07 0x98 0x07 0xf1 0x36 0x77                                          NOP;                                                                  ASHL r11, r9, r8;             MOV m0, r9
         696    0x08 0x81 0x80 0x00 0x00 0x00 0x00 0x37                                          PADDA [p6], m0;                         NOP;                          NOP
.swstall unknown
         704    0x00 0x00 0x00 0x00 0x00 0x00 0x00 0x00 0x00 0x00 0x00 0x00 0x00 0x00 0x00 0x02  NOP;                NOP;                NOP;                          NOP;                          NOP;                          NOP;                                    NOP
.label TGT_F__cxa_finalize_80
.loop_nesting 1
         720    0x40 0xa3 0x80 0x00 0x00 0x00 0x00 0x37                                          LDA cb0, [p6], #4;                      NOP;                          NOP
         728    0x68 0xbb 0x80 0x00 0x00 0x00 0x00 0x37                                          LDA p0, [p6], #-12;                     NOP;                          NOP
.swstall unknown
         736    0x00 0x01                                                                        NOP
.swstall unknown
         738    0x00 0x01                                                                        NOP
.swstall unknown
         740    0x00 0x01                                                                        NOP
.swstall unknown
         742    0x00 0x01                                                                        NOP
.swstall unknown
         744    0x00 0x01                                                                        NOP
.swstall unknown
         746    0x00 0x01                                                                        NOP
.no_stack_arguments
         748    0x00 0x41                                                                        JAL cb0
.delay_slot
.swstall delay_slot
         750    0x00 0x01                                                                        NOP
.delay_slot
.swstall delay_slot
         752    0x00 0x01                                                                        NOP
.delay_slot
.swstall delay_slot
         754    0x00 0x01                                                                        NOP
.delay_slot
.swstall delay_slot
         756    0x00 0x00 0x00 0x03                                                              NOP;                                                                  NOP
.delay_slot
.swstall delay_slot
         760    0x00 0x00 0x00 0x00 0x00 0x00 0x00 0x37                                          NOP;                                    NOP;                          NOP
.return_address
         768    0x80 0x00 0x00 0x40 0x40 0x2d 0x07 0xf7                                                                                  NOP;                                                        MOV.u20 cb0, #720;            NOP
         776    0x03 0x8b 0xb0 0x03                                                              NOP;                                                                  BDEC r11, r11, cb0
.delay_slot
.swstall delay_slot
         780    0x00 0x01                                                                        NOP
.delay_slot
.swstall delay_slot
         782    0x00 0x01                                                                        NOP
.delay_slot
.swstall delay_slot
         784    0x00 0x01                                                                        NOP
.delay_slot
.swstall delay_slot
         786    0x00 0x01                                                                        NOP
.delay_slot
.swstall delay_slot
         788    0x00 0x01                                                                        NOP
.loop_nesting 0
         790    0xa1 0x61                                                                        MOV lr, r10
         792    0x01 0x01                                                                        RET lr
.delay_slot
         794    0xd3 0x05                                                                        MOV r0, r4
.delay_slot
.swstall delay_slot
         796    0x00 0x01                                                                        NOP
.delay_slot
.swstall delay_slot
         798    0x00 0x01                                                                        NOP
.delay_slot
.swstall delay_slot
         800    0x00 0x01                                                                        NOP
.delay_slot
.swstall delay_slot
         802    0x00 0x01                                                                        NOP
.label __cxa_finalize__end

.data_segment DMb 132096	   
.label _ZL7atexits
	0xd0
	0x1
	0x0
	0x0
	0x0
	0x0
	0x0
	0x0
	0x0
	0x0
	0x0
	0x0
	0x0
	0x0
	0x0
	0x0
	0x0
	0x0
	0x0
	0x0
	0x0
	0x0
	0x0
	0x0
	0x0
	0x0
	0x0
	0x0
	0x0
	0x0
	0x0
	0x0
.label _ZL10atexit_cnt
	0x8
	0x0
	0x0
	0x0

.stack DM_stack 131072 132096
